<?xml version="1.0" encoding="UTF-8"?>
<testsuite name="net.toregard.koordination.LekingApplicationTests" tests="1" skipped="0" failures="0" errors="0" timestamp="2015-04-12T23:36:59" hostname="CR404885" time="0.001">
  <properties/>
  <testcase name="contextLoads" classname="net.toregard.koordination.LekingApplicationTests" time="0.001"/>
  <system-out><![CDATA[01:36:57.358 [Test worker] DEBUG o.s.t.c.j.SpringJUnit4ClassRunner - SpringJUnit4ClassRunner constructor called with [class net.toregard.koordination.LekingApplicationTests].
01:36:57.372 [Test worker] DEBUG o.s.test.context.BootstrapUtils - Instantiating TestContextBootstrapper from class [org.springframework.test.context.web.WebTestContextBootstrapper]
01:36:57.387 [Test worker] DEBUG o.s.t.c.w.WebTestContextBootstrapper - Found explicit ContextLoader class [org.springframework.boot.test.SpringApplicationContextLoader] for context configuration attributes [ContextConfigurationAttributes@7cc625e1 declaringClass = 'net.toregard.koordination.LekingApplicationTests', classes = '{class net.toregard.koordination.MyApplication}', locations = '{}', inheritLocations = true, initializers = '{}', inheritInitializers = true, name = [null], contextLoaderClass = 'org.springframework.boot.test.SpringApplicationContextLoader']
01:36:57.394 [Test worker] DEBUG o.s.t.c.support.ActiveProfilesUtils - Could not find an 'annotation declaring class' for annotation type [org.springframework.test.context.ActiveProfiles] and class [net.toregard.koordination.LekingApplicationTests]
01:36:57.397 [Test worker] DEBUG o.s.t.c.w.WebTestContextBootstrapper - @TestExecutionListeners is not present for class [net.toregard.koordination.LekingApplicationTests]: using defaults.
01:36:57.404 [Test worker] INFO  o.s.t.c.w.WebTestContextBootstrapper - Loaded default TestExecutionListener class names from location [META-INF/spring.factories]: [org.springframework.test.context.web.ServletTestExecutionListener, org.springframework.test.context.support.DependencyInjectionTestExecutionListener, org.springframework.test.context.support.DirtiesContextTestExecutionListener, org.springframework.test.context.transaction.TransactionalTestExecutionListener, org.springframework.test.context.jdbc.SqlScriptsTestExecutionListener]
01:36:57.411 [Test worker] INFO  o.s.t.c.w.WebTestContextBootstrapper - Could not instantiate TestExecutionListener [org.springframework.test.context.jdbc.SqlScriptsTestExecutionListener]. Specify custom listener classes or make the default listener classes (and their required dependencies) available. Offending class: [org/springframework/transaction/interceptor/TransactionAttribute]
01:36:57.412 [Test worker] INFO  o.s.t.c.w.WebTestContextBootstrapper - Could not instantiate TestExecutionListener [org.springframework.test.context.transaction.TransactionalTestExecutionListener]. Specify custom listener classes or make the default listener classes (and their required dependencies) available. Offending class: [org/springframework/transaction/interceptor/TransactionAttributeSource]
01:36:57.413 [Test worker] INFO  o.s.t.c.w.WebTestContextBootstrapper - Using TestExecutionListeners: [org.springframework.test.context.web.ServletTestExecutionListener@401a37b1, org.springframework.test.context.support.DependencyInjectionTestExecutionListener@793e6657, org.springframework.test.context.support.DirtiesContextTestExecutionListener@6fb117f0]
01:36:57.415 [Test worker] DEBUG o.s.t.annotation.ProfileValueUtils - Retrieved @ProfileValueSourceConfiguration [null] for test class [net.toregard.koordination.LekingApplicationTests]
01:36:57.415 [Test worker] DEBUG o.s.t.annotation.ProfileValueUtils - Retrieved ProfileValueSource type [class org.springframework.test.annotation.SystemProfileValueSource] for class [net.toregard.koordination.LekingApplicationTests]
01:36:57.417 [Test worker] DEBUG o.s.t.annotation.ProfileValueUtils - Retrieved @ProfileValueSourceConfiguration [null] for test class [net.toregard.koordination.LekingApplicationTests]
01:36:57.417 [Test worker] DEBUG o.s.t.annotation.ProfileValueUtils - Retrieved ProfileValueSource type [class org.springframework.test.annotation.SystemProfileValueSource] for class [net.toregard.koordination.LekingApplicationTests]
01:36:57.418 [Test worker] DEBUG o.s.t.annotation.ProfileValueUtils - Retrieved @ProfileValueSourceConfiguration [null] for test class [net.toregard.koordination.LekingApplicationTests]
01:36:57.418 [Test worker] DEBUG o.s.t.annotation.ProfileValueUtils - Retrieved ProfileValueSource type [class org.springframework.test.annotation.SystemProfileValueSource] for class [net.toregard.koordination.LekingApplicationTests]
01:36:57.419 [Test worker] DEBUG o.s.t.annotation.ProfileValueUtils - Retrieved @ProfileValueSourceConfiguration [null] for test class [net.toregard.koordination.LekingApplicationTests]
01:36:57.419 [Test worker] DEBUG o.s.t.annotation.ProfileValueUtils - Retrieved ProfileValueSource type [class org.springframework.test.annotation.SystemProfileValueSource] for class [net.toregard.koordination.LekingApplicationTests]
01:36:57.474 [Test worker] DEBUG o.s.core.env.StandardEnvironment - Adding [systemProperties] PropertySource with lowest search precedence
01:36:57.476 [Test worker] DEBUG o.s.core.env.StandardEnvironment - Adding [systemEnvironment] PropertySource with lowest search precedence
01:36:57.476 [Test worker] DEBUG o.s.core.env.StandardEnvironment - Initialized StandardEnvironment with PropertySources [systemProperties,systemEnvironment]
01:36:57.477 [Test worker] DEBUG o.s.core.env.StandardEnvironment - Adding [integrationTest] PropertySource with search precedence immediately lower than [systemEnvironment]

  .   ____          _            __ _ _
 /\\ / ___'_ __ _ _(_)_ __  __ _ \ \ \ \
( ( )\___ | '_ | '_| | '_ \/ _` | \ \ \ \
 \\/  ___)| |_)| | | | | || (_| |  ) ) ) )
  '  |____| .__|_| |_|_| |_\__, | / / / /
 =========|_|==============|___/=/_/_/_/
 :: Spring Boot ::        (v1.2.1.RELEASE)

2015-04-13 01:36:57.632  INFO 4900 --- [    Test worker] o.s.boot.SpringApplication               : Starting application on CR404885 with PID 4900 (C:\Users\tg3\.gradle\caches\modules-2\files-2.1\org.springframework.boot\spring-boot\1.2.1.RELEASE\efe81809343f4fca576ea872eb6a269599ebb1d0\spring-boot-1.2.1.RELEASE.jar started by TG3 in C:\Code\gitub\java\springboot)
2015-04-13 01:36:57.675  INFO 4900 --- [    Test worker] o.s.w.c.s.GenericWebApplicationContext   : Refreshing org.springframework.web.context.support.GenericWebApplicationContext@78a00025: startup date [Mon Apr 13 01:36:57 CEST 2015]; root of context hierarchy
2015-04-13 01:36:58.156  INFO 4900 --- [    Test worker] o.s.b.f.s.DefaultListableBeanFactory     : Overriding bean definition for bean 'beanNameViewResolver': replacing [Root bean: class [null]; scope=; abstract=false; lazyInit=false; autowireMode=3; dependencyCheck=0; autowireCandidate=true; primary=false; factoryBeanName=org.springframework.boot.autoconfigure.web.ErrorMvcAutoConfiguration$WhitelabelErrorViewConfiguration; factoryMethodName=beanNameViewResolver; initMethodName=null; destroyMethodName=(inferred); defined in class path resource [org/springframework/boot/autoconfigure/web/ErrorMvcAutoConfiguration$WhitelabelErrorViewConfiguration.class]] with [Root bean: class [null]; scope=; abstract=false; lazyInit=false; autowireMode=3; dependencyCheck=0; autowireCandidate=true; primary=false; factoryBeanName=org.springframework.boot.autoconfigure.web.WebMvcAutoConfiguration$WebMvcAutoConfigurationAdapter; factoryMethodName=beanNameViewResolver; initMethodName=null; destroyMethodName=(inferred); defined in class path resource [org/springframework/boot/autoconfigure/web/WebMvcAutoConfiguration$WebMvcAutoConfigurationAdapter.class]]
2015-04-13 01:36:58.931  INFO 4900 --- [    Test worker] s.w.s.m.m.a.RequestMappingHandlerAdapter : Looking for @ControllerAdvice: org.springframework.web.context.support.GenericWebApplicationContext@78a00025: startup date [Mon Apr 13 01:36:57 CEST 2015]; root of context hierarchy
2015-04-13 01:36:58.969  INFO 4900 --- [    Test worker] s.w.s.m.m.a.RequestMappingHandlerMapping : Mapped "{[/rest/greeting/list],methods=[GET],params=[],headers=[],consumes=[],produces=[application/json],custom=[]}" onto public java.util.List<net.toregard.koordination.rest.Greeting> net.toregard.koordination.rest.GreetingController.getGreetings(java.lang.String)
2015-04-13 01:36:58.969  INFO 4900 --- [    Test worker] s.w.s.m.m.a.RequestMappingHandlerMapping : Mapped "{[/rest/greeting/add/{id}/{content}],methods=[],params=[],headers=[],consumes=[],produces=[],custom=[]}" onto public void net.toregard.koordination.rest.GreetingController.addGreeting(long,java.lang.String)
2015-04-13 01:36:58.970  INFO 4900 --- [    Test worker] s.w.s.m.m.a.RequestMappingHandlerMapping : Mapped "{[/rest/greeting/delete/{id}],methods=[],params=[],headers=[],consumes=[],produces=[],custom=[]}" onto public void net.toregard.koordination.rest.GreetingController.deleteGreetingAtIndex(long)
2015-04-13 01:36:58.971  INFO 4900 --- [    Test worker] s.w.s.m.m.a.RequestMappingHandlerMapping : Mapped "{[/error],methods=[],params=[],headers=[],consumes=[],produces=[],custom=[]}" onto public org.springframework.http.ResponseEntity<java.util.Map<java.lang.String, java.lang.Object>> org.springframework.boot.autoconfigure.web.BasicErrorController.error(javax.servlet.http.HttpServletRequest)
2015-04-13 01:36:58.971  INFO 4900 --- [    Test worker] s.w.s.m.m.a.RequestMappingHandlerMapping : Mapped "{[/error],methods=[],params=[],headers=[],consumes=[],produces=[text/html],custom=[]}" onto public org.springframework.web.servlet.ModelAndView org.springframework.boot.autoconfigure.web.BasicErrorController.errorHtml(javax.servlet.http.HttpServletRequest)
2015-04-13 01:36:58.991  INFO 4900 --- [    Test worker] o.s.w.s.handler.SimpleUrlHandlerMapping  : Mapped URL path [/**] onto handler of type [class org.springframework.web.servlet.resource.ResourceHttpRequestHandler]
2015-04-13 01:36:58.991  INFO 4900 --- [    Test worker] o.s.w.s.handler.SimpleUrlHandlerMapping  : Mapped URL path [/webjars/**] onto handler of type [class org.springframework.web.servlet.resource.ResourceHttpRequestHandler]
2015-04-13 01:36:59.022  INFO 4900 --- [    Test worker] o.s.w.s.handler.SimpleUrlHandlerMapping  : Mapped URL path [/**/favicon.ico] onto handler of type [class org.springframework.web.servlet.resource.ResourceHttpRequestHandler]
2015-04-13 01:36:59.070  INFO 4900 --- [    Test worker] org.eclipse.jetty.util.log               : Logging initialized @2211ms
2015-04-13 01:36:59.092  INFO 4900 --- [    Test worker] o.s.boot.SpringApplication               : Started application in 1.606 seconds (JVM running for 2.235)
]]></system-out>
  <system-err><![CDATA[]]></system-err>
</testsuite>
