<?xml version="1.0" encoding="UTF-8"?>
<testsuite name="net.toregard.koordination.LekingApplicationTests" tests="1" skipped="0" failures="0" errors="0" timestamp="2015-02-14T19:12:25" hostname="CR404885" time="0.001">
  <properties/>
  <testcase name="contextLoads" classname="net.toregard.koordination.LekingApplicationTests" time="0.001"/>
  <system-out><![CDATA[20:12:23.968 [Test worker] DEBUG o.s.t.c.j.SpringJUnit4ClassRunner - SpringJUnit4ClassRunner constructor called with [class net.toregard.koordination.LekingApplicationTests].
20:12:23.982 [Test worker] DEBUG o.s.test.context.BootstrapUtils - Instantiating TestContextBootstrapper from class [org.springframework.test.context.web.WebTestContextBootstrapper]
20:12:23.996 [Test worker] DEBUG o.s.t.c.w.WebTestContextBootstrapper - Found explicit ContextLoader class [org.springframework.boot.test.SpringApplicationContextLoader] for context configuration attributes [ContextConfigurationAttributes@7f725a76 declaringClass = 'net.toregard.koordination.LekingApplicationTests', classes = '{class net.toregard.koordination.MyApplication}', locations = '{}', inheritLocations = true, initializers = '{}', inheritInitializers = true, name = [null], contextLoaderClass = 'org.springframework.boot.test.SpringApplicationContextLoader']
20:12:24.003 [Test worker] DEBUG o.s.t.c.support.ActiveProfilesUtils - Could not find an 'annotation declaring class' for annotation type [org.springframework.test.context.ActiveProfiles] and class [net.toregard.koordination.LekingApplicationTests]
20:12:24.005 [Test worker] DEBUG o.s.t.c.w.WebTestContextBootstrapper - @TestExecutionListeners is not present for class [net.toregard.koordination.LekingApplicationTests]: using defaults.
20:12:24.012 [Test worker] INFO  o.s.t.c.w.WebTestContextBootstrapper - Loaded default TestExecutionListener class names from location [META-INF/spring.factories]: [org.springframework.test.context.web.ServletTestExecutionListener, org.springframework.test.context.support.DependencyInjectionTestExecutionListener, org.springframework.test.context.support.DirtiesContextTestExecutionListener, org.springframework.test.context.transaction.TransactionalTestExecutionListener, org.springframework.test.context.jdbc.SqlScriptsTestExecutionListener]
20:12:24.015 [Test worker] INFO  o.s.t.c.w.WebTestContextBootstrapper - Could not instantiate TestExecutionListener [org.springframework.test.context.transaction.TransactionalTestExecutionListener]. Specify custom listener classes or make the default listener classes (and their required dependencies) available. Offending class: [org/springframework/transaction/interceptor/TransactionAttributeSource]
20:12:24.016 [Test worker] INFO  o.s.t.c.w.WebTestContextBootstrapper - Could not instantiate TestExecutionListener [org.springframework.test.context.jdbc.SqlScriptsTestExecutionListener]. Specify custom listener classes or make the default listener classes (and their required dependencies) available. Offending class: [org/springframework/transaction/interceptor/TransactionAttribute]
20:12:24.021 [Test worker] INFO  o.s.t.c.w.WebTestContextBootstrapper - Using TestExecutionListeners: [org.springframework.test.context.web.ServletTestExecutionListener@797ee6c9, org.springframework.test.context.support.DependencyInjectionTestExecutionListener@7a61d46f, org.springframework.test.context.support.DirtiesContextTestExecutionListener@2cc2022e]
20:12:24.023 [Test worker] DEBUG o.s.t.annotation.ProfileValueUtils - Retrieved @ProfileValueSourceConfiguration [null] for test class [net.toregard.koordination.LekingApplicationTests]
20:12:24.023 [Test worker] DEBUG o.s.t.annotation.ProfileValueUtils - Retrieved ProfileValueSource type [class org.springframework.test.annotation.SystemProfileValueSource] for class [net.toregard.koordination.LekingApplicationTests]
20:12:24.025 [Test worker] DEBUG o.s.t.annotation.ProfileValueUtils - Retrieved @ProfileValueSourceConfiguration [null] for test class [net.toregard.koordination.LekingApplicationTests]
20:12:24.025 [Test worker] DEBUG o.s.t.annotation.ProfileValueUtils - Retrieved ProfileValueSource type [class org.springframework.test.annotation.SystemProfileValueSource] for class [net.toregard.koordination.LekingApplicationTests]
20:12:24.026 [Test worker] DEBUG o.s.t.annotation.ProfileValueUtils - Retrieved @ProfileValueSourceConfiguration [null] for test class [net.toregard.koordination.LekingApplicationTests]
20:12:24.026 [Test worker] DEBUG o.s.t.annotation.ProfileValueUtils - Retrieved ProfileValueSource type [class org.springframework.test.annotation.SystemProfileValueSource] for class [net.toregard.koordination.LekingApplicationTests]
20:12:24.027 [Test worker] DEBUG o.s.t.annotation.ProfileValueUtils - Retrieved @ProfileValueSourceConfiguration [null] for test class [net.toregard.koordination.LekingApplicationTests]
20:12:24.027 [Test worker] DEBUG o.s.t.annotation.ProfileValueUtils - Retrieved ProfileValueSource type [class org.springframework.test.annotation.SystemProfileValueSource] for class [net.toregard.koordination.LekingApplicationTests]
20:12:24.079 [Test worker] DEBUG o.s.core.env.StandardEnvironment - Adding [systemProperties] PropertySource with lowest search precedence
20:12:24.081 [Test worker] DEBUG o.s.core.env.StandardEnvironment - Adding [systemEnvironment] PropertySource with lowest search precedence
20:12:24.081 [Test worker] DEBUG o.s.core.env.StandardEnvironment - Initialized StandardEnvironment with PropertySources [systemProperties,systemEnvironment]
20:12:24.082 [Test worker] DEBUG o.s.core.env.StandardEnvironment - Adding [integrationTest] PropertySource with search precedence immediately lower than [systemEnvironment]

  .   ____          _            __ _ _
 /\\ / ___'_ __ _ _(_)_ __  __ _ \ \ \ \
( ( )\___ | '_ | '_| | '_ \/ _` | \ \ \ \
 \\/  ___)| |_)| | | | | || (_| |  ) ) ) )
  '  |____| .__|_| |_|_| |_\__, | / / / /
 =========|_|==============|___/=/_/_/_/
 :: Spring Boot ::        (v1.2.1.RELEASE)

2015-02-14 20:12:24.232  INFO 9176 --- [    Test worker] o.s.boot.SpringApplication               : Starting application on CR404885 with PID 9176 (C:\Users\tg3\.gradle\caches\modules-2\files-2.1\org.springframework.boot\spring-boot\1.2.1.RELEASE\efe81809343f4fca576ea872eb6a269599ebb1d0\spring-boot-1.2.1.RELEASE.jar started by TG3 in C:\Code\gitub\java\springboot)
2015-02-14 20:12:24.285  INFO 9176 --- [    Test worker] o.s.w.c.s.GenericWebApplicationContext   : Refreshing org.springframework.web.context.support.GenericWebApplicationContext@4ba7cde3: startup date [Sat Feb 14 20:12:24 CET 2015]; root of context hierarchy
2015-02-14 20:12:24.763  INFO 9176 --- [    Test worker] o.s.b.f.s.DefaultListableBeanFactory     : Overriding bean definition for bean 'beanNameViewResolver': replacing [Root bean: class [null]; scope=; abstract=false; lazyInit=false; autowireMode=3; dependencyCheck=0; autowireCandidate=true; primary=false; factoryBeanName=org.springframework.boot.autoconfigure.web.ErrorMvcAutoConfiguration$WhitelabelErrorViewConfiguration; factoryMethodName=beanNameViewResolver; initMethodName=null; destroyMethodName=(inferred); defined in class path resource [org/springframework/boot/autoconfigure/web/ErrorMvcAutoConfiguration$WhitelabelErrorViewConfiguration.class]] with [Root bean: class [null]; scope=; abstract=false; lazyInit=false; autowireMode=3; dependencyCheck=0; autowireCandidate=true; primary=false; factoryBeanName=org.springframework.boot.autoconfigure.web.WebMvcAutoConfiguration$WebMvcAutoConfigurationAdapter; factoryMethodName=beanNameViewResolver; initMethodName=null; destroyMethodName=(inferred); defined in class path resource [org/springframework/boot/autoconfigure/web/WebMvcAutoConfiguration$WebMvcAutoConfigurationAdapter.class]]
2015-02-14 20:12:25.531  INFO 9176 --- [    Test worker] s.w.s.m.m.a.RequestMappingHandlerAdapter : Looking for @ControllerAdvice: org.springframework.web.context.support.GenericWebApplicationContext@4ba7cde3: startup date [Sat Feb 14 20:12:24 CET 2015]; root of context hierarchy
2015-02-14 20:12:25.569  INFO 9176 --- [    Test worker] s.w.s.m.m.a.RequestMappingHandlerMapping : Mapped "{[/rest/greeting/list],methods=[GET],params=[],headers=[],consumes=[],produces=[application/json],custom=[]}" onto public java.util.List<net.toregard.koordination.rest.Greeting> net.toregard.koordination.rest.GreetingController.getGreetings(java.lang.String)
2015-02-14 20:12:25.569  INFO 9176 --- [    Test worker] s.w.s.m.m.a.RequestMappingHandlerMapping : Mapped "{[/rest/greeting/add/{id}/{content}],methods=[],params=[],headers=[],consumes=[],produces=[],custom=[]}" onto public void net.toregard.koordination.rest.GreetingController.addGreeting(long,java.lang.String)
2015-02-14 20:12:25.569  INFO 9176 --- [    Test worker] s.w.s.m.m.a.RequestMappingHandlerMapping : Mapped "{[/rest/greeting/delete/{id}],methods=[],params=[],headers=[],consumes=[],produces=[],custom=[]}" onto public void net.toregard.koordination.rest.GreetingController.deleteGreetingAtIndex(long)
2015-02-14 20:12:25.570  INFO 9176 --- [    Test worker] s.w.s.m.m.a.RequestMappingHandlerMapping : Mapped "{[/error],methods=[],params=[],headers=[],consumes=[],produces=[],custom=[]}" onto public org.springframework.http.ResponseEntity<java.util.Map<java.lang.String, java.lang.Object>> org.springframework.boot.autoconfigure.web.BasicErrorController.error(javax.servlet.http.HttpServletRequest)
2015-02-14 20:12:25.570  INFO 9176 --- [    Test worker] s.w.s.m.m.a.RequestMappingHandlerMapping : Mapped "{[/error],methods=[],params=[],headers=[],consumes=[],produces=[text/html],custom=[]}" onto public org.springframework.web.servlet.ModelAndView org.springframework.boot.autoconfigure.web.BasicErrorController.errorHtml(javax.servlet.http.HttpServletRequest)
2015-02-14 20:12:25.587  INFO 9176 --- [    Test worker] o.s.w.s.handler.SimpleUrlHandlerMapping  : Mapped URL path [/**] onto handler of type [class org.springframework.web.servlet.resource.ResourceHttpRequestHandler]
2015-02-14 20:12:25.588  INFO 9176 --- [    Test worker] o.s.w.s.handler.SimpleUrlHandlerMapping  : Mapped URL path [/webjars/**] onto handler of type [class org.springframework.web.servlet.resource.ResourceHttpRequestHandler]
2015-02-14 20:12:25.619  INFO 9176 --- [    Test worker] o.s.w.s.handler.SimpleUrlHandlerMapping  : Mapped URL path [/**/favicon.ico] onto handler of type [class org.springframework.web.servlet.resource.ResourceHttpRequestHandler]
2015-02-14 20:12:25.665  INFO 9176 --- [    Test worker] org.eclipse.jetty.util.log               : Logging initialized @2190ms
2015-02-14 20:12:25.685  INFO 9176 --- [    Test worker] o.s.boot.SpringApplication               : Started application in 1.596 seconds (JVM running for 2.213)
]]></system-out>
  <system-err><![CDATA[]]></system-err>
</testsuite>
